2023-03-13 14:02:55.353 [info] Added views:workbench.panel.markers.view in workbench.panel.markers
2023-03-13 14:02:55.353 [info] Added views:workbench.panel.output in workbench.panel.output
2023-03-13 14:02:55.353 [info] Added views:terminal in terminal
2023-03-13 14:02:55.353 [info] Added views:outline in workbench.view.explorer
2023-03-13 14:02:55.353 [info] Added views:workbench.scm in workbench.view.scm
2023-03-13 14:02:55.353 [info] Added views:workbench.view.search in workbench.view.search
2023-03-13 14:02:55.353 [info] Added views:timeline in workbench.view.explorer
2023-03-13 14:02:55.353 [info] Added views:workbench.explorer.emptyView in workbench.view.explorer
2023-03-13 14:02:55.652 [info] Added views:workbench.debug.variablesView,workbench.debug.watchExpressionsView,workbench.debug.callStackView,workbench.debug.breakPointsView in workbench.view.debug
2023-03-13 14:02:56.318 [info] Added views:workbench.panel.repl.view in workbench.panel.repl
2023-03-13 14:02:56.320 [info] Removed views:workbench.debug.breakPointsView,workbench.debug.callStackView,workbench.debug.watchExpressionsView,workbench.debug.variablesView from workbench.view.debug
2023-03-13 14:02:56.322 [info] Added views:workbench.debug.welcome in workbench.view.debug
2023-03-13 17:12:58.496 [info] Added views:workbench.views.extensions.installed,workbench.views.extensions.popular,extensions.recommendedList in workbench.view.extensions
2023-03-13 17:12:58.499 [info] Removed views:workbench.views.extensions.popular from workbench.view.extensions
2023-03-13 17:12:58.782 [info] Added views:workbench.views.extensions.popular in workbench.view.extensions
2023-03-13 17:13:02.283 [info] Removed views:extensions.recommendedList,workbench.views.extensions.popular,workbench.views.extensions.installed from workbench.view.extensions
2023-03-13 17:13:02.294 [info] Added views:workbench.views.extensions.marketplace in workbench.view.extensions
2023-03-13 17:13:06.636 [info] Removed views:workbench.views.extensions.marketplace from workbench.view.extensions
2023-03-13 17:13:06.641 [info] Added views:workbench.views.extensions.installed,workbench.views.extensions.popular,extensions.recommendedList in workbench.view.extensions
2023-03-13 17:13:55.184 [info] Removed views:extensions.recommendedList,workbench.views.extensions.popular,workbench.views.extensions.installed from workbench.view.extensions
2023-03-13 17:13:55.194 [info] Added views:workbench.views.extensions.marketplace in workbench.view.extensions
2023-03-13 17:13:55.273 [info] Removed views:workbench.views.extensions.marketplace from workbench.view.extensions
2023-03-13 17:13:55.278 [info] Added views:workbench.views.extensions.installed,workbench.views.extensions.popular,extensions.recommendedList in workbench.view.extensions
2023-03-13 17:13:57.326 [info] Removed views:extensions.recommendedList,workbench.views.extensions.popular,workbench.views.extensions.installed from workbench.view.extensions
2023-03-13 17:13:57.336 [info] Added views:workbench.views.extensions.marketplace in workbench.view.extensions
2023-03-13 17:16:10.203 [info] Added views:dockerContainers,dockerImages,dockerRegistries,dockerNetworks,dockerVolumes,vscode-docker.views.dockerContexts,vscode-docker.views.help in workbench.view.extension.dockerView
